<?xml version="1.0" encoding="UTF-8"?>
<testng-results ignored="0" total="1" passed="1" failed="0" skipped="0">
  <reporter-output>
  </reporter-output>
  <suite started-at="2025-04-10T01:56:59 IST" name="Default suite" finished-at="2025-04-10T01:58:33 IST" duration-ms="94185">
    <groups>
    </groups>
    <test started-at="2025-04-10T01:56:59 IST" name="Default test" finished-at="2025-04-10T01:58:33 IST" duration-ms="94185">
      <class name="Test.Login_Test">
        <test-method is-config="true" signature="setUp()[pri:0, instance:Test.Login_Test@63787180]" started-at="2025-04-10T01:56:59 IST" name="setUp" finished-at="2025-04-10T01:57:15 IST" duration-ms="15870" status="PASS">
          <reporter-output>
          </reporter-output>
        </test-method> <!-- setUp -->
        <test-method signature="Searchforphone()[pri:0, instance:Test.Login_Test@63787180]" started-at="2025-04-10T01:57:15 IST" name="Searchforphone" finished-at="2025-04-10T01:58:33 IST" duration-ms="78108" status="PASS">
          <reporter-output>
          </reporter-output>
        </test-method> <!-- Searchforphone -->
        <test-method is-config="true" signature="tearDownActions()[pri:0, instance:Test.Login_Test@63787180]" started-at="2025-04-10T01:58:33 IST" name="tearDownActions" finished-at="2025-04-10T01:58:33 IST" duration-ms="1" status="PASS">
          <reporter-output>
          </reporter-output>
        </test-method> <!-- tearDownActions -->
      </class> <!-- Test.Login_Test -->
    </test> <!-- Default test -->
  </suite> <!-- Default suite -->
</testng-results>
